Watching for file changes with StatReloader
[13/Aug/2025 01:17:48] "GET /api/hr/employees/ HTTP/1.1" 200 5655
[13/Aug/2025 01:17:56] "GET /app/hr/employees HTTP/1.1" 200 32589
Not Found: /api/hr/org-units/
[13/Aug/2025 01:17:56] "GET /api/hr/org-units/ HTTP/1.1" 404 23754
[13/Aug/2025 01:17:56] "GET /api/hr/employees/ HTTP/1.1" 200 5655
[13/Aug/2025 01:18:04] "GET /app/hr/employees?id=8a53a6c9-e96f-4f04-a7cb-168b26882624&vscodeBrowserReqId=1755065884349 HTTP/1.1" 200 32589
[13/Aug/2025 01:18:18] "GET /api/hr/employees/ HTTP/1.1" 200 5655
[13/Aug/2025 01:18:36] "GET /api/hr/employees/ HTTP/1.1" 200 5655
Not Found: /api/hr/employees/1/
[13/Aug/2025 01:19:47] "GET /api/hr/employees/1/ HTTP/1.1" 404 23760
Not Found: /api/hr/employees/1/
[13/Aug/2025 01:19:48] "GET /api/hr/employees/1/ HTTP/1.1" 404 23760
[13/Aug/2025 01:19:49] "GET /app/hr/employees/1/edit HTTP/1.1" 200 59387
Not Found: /api/hr/org-units/
[13/Aug/2025 01:19:49] "GET /api/hr/org-units/ HTTP/1.1" 404 23754
Not Found: /api/hr/access-profiles/
Not Found: /api/hr/positions/
[13/Aug/2025 01:19:49] "GET /api/hr/access-profiles/ HTTP/1.1" 404 23772
[13/Aug/2025 01:19:49] "GET /api/hr/positions/ HTTP/1.1" 404 23754
[13/Aug/2025 01:19:49] "GET /api/hr/employees/?status=ACTIVE HTTP/1.1" 200 5655
[13/Aug/2025 01:19:49] "GET /api/hr/employees/ HTTP/1.1" 200 5655
Not Found: /api/hr/employees/1/
[13/Aug/2025 01:19:49] "GET /api/hr/employees/1/ HTTP/1.1" 404 23760
[13/Aug/2025 01:19:49] "GET /app/hr/employees HTTP/1.1" 200 32589
Not Found: /api/hr/employees/1/field-changes/
Not Found: /api/hr/org-units/
[13/Aug/2025 01:19:49] "GET /api/hr/employees/1/field-changes/ HTTP/1.1" 404 23802
[13/Aug/2025 01:19:49] "GET /api/hr/org-units/ HTTP/1.1" 404 23754
[13/Aug/2025 01:19:49] "GET /api/hr/employees/ HTTP/1.1" 200 5655
Not Found: /api/hr/employees/1/
[13/Aug/2025 01:19:50] "GET /api/hr/employees/1/ HTTP/1.1" 404 23760
[13/Aug/2025 01:19:54] "GET /app/hr/employees/1/edit HTTP/1.1" 200 59387
Not Found: /api/hr/positions/
Not Found: /api/hr/org-units/
Not Found: /api/hr/access-profiles/
[13/Aug/2025 01:19:54] "GET /api/hr/org-units/ HTTP/1.1" 404 23754
[13/Aug/2025 01:19:54] "GET /api/hr/positions/ HTTP/1.1" 404 23754
[13/Aug/2025 01:19:54] "GET /api/hr/access-profiles/ HTTP/1.1" 404 23772
[13/Aug/2025 01:19:54] "GET /api/hr/employees/?status=ACTIVE HTTP/1.1" 200 5655
[13/Aug/2025 01:19:54] "GET /api/hr/employees/ HTTP/1.1" 200 5655
Not Found: /api/hr/employees/1/
[13/Aug/2025 01:19:54] "GET /api/hr/employees/1/ HTTP/1.1" 404 23760
[13/Aug/2025 01:19:54] "GET /app/hr/employees HTTP/1.1" 200 32589
Not Found: /api/hr/employees/1/field-changes/
[13/Aug/2025 01:19:54] "GET /api/hr/employees/1/field-changes/ HTTP/1.1" 404 23802
Not Found: /api/hr/org-units/
[13/Aug/2025 01:19:54] "GET /api/hr/org-units/ HTTP/1.1" 404 23754
[13/Aug/2025 01:19:54] "GET /api/hr/employees/ HTTP/1.1" 200 5655
[13/Aug/2025 01:19:55] "GET /app/hr/employees/1/edit HTTP/1.1" 200 59387
Not Found: /api/hr/org-units/
Not Found: /api/hr/access-profiles/
[13/Aug/2025 01:19:55] "GET /api/hr/org-units/ HTTP/1.1" 404 23754
Not Found: /api/hr/positions/
[13/Aug/2025 01:19:55] "GET /api/hr/access-profiles/ HTTP/1.1" 404 23772
[13/Aug/2025 01:19:55] "GET /api/hr/positions/ HTTP/1.1" 404 23754
[13/Aug/2025 01:19:55] "GET /api/hr/employees/ HTTP/1.1" 200 5655
[13/Aug/2025 01:19:55] "GET /api/hr/employees/?status=ACTIVE HTTP/1.1" 200 5655
Not Found: /api/hr/employees/1/
[13/Aug/2025 01:19:55] "GET /api/hr/employees/1/ HTTP/1.1" 404 23760
[13/Aug/2025 01:19:55] "GET /app/hr/employees HTTP/1.1" 200 32589
Not Found: /api/hr/employees/1/field-changes/
[13/Aug/2025 01:19:55] "GET /api/hr/employees/1/field-changes/ HTTP/1.1" 404 23802
Not Found: /api/hr/org-units/
[13/Aug/2025 01:19:55] "GET /api/hr/org-units/ HTTP/1.1" 404 23754
[13/Aug/2025 01:19:55] "GET /api/hr/employees/ HTTP/1.1" 200 5655
[13/Aug/2025 01:19:55] "GET /app/hr/employees/1/edit HTTP/1.1" 200 59387
Not Found: /api/hr/org-units/
Not Found: /api/hr/positions/
[13/Aug/2025 01:19:55] "GET /api/hr/org-units/ HTTP/1.1" 404 23754
Not Found: /api/hr/access-profiles/
[13/Aug/2025 01:19:55] "GET /api/hr/positions/ HTTP/1.1" 404 23754
[13/Aug/2025 01:19:55] "GET /api/hr/access-profiles/ HTTP/1.1" 404 23772
[13/Aug/2025 01:19:56] "GET /api/hr/employees/ HTTP/1.1" 200 5655
[13/Aug/2025 01:19:56] "GET /api/hr/employees/?status=ACTIVE HTTP/1.1" 200 5655
Not Found: /api/hr/employees/1/
[13/Aug/2025 01:19:56] "GET /api/hr/employees/1/ HTTP/1.1" 404 23760
[13/Aug/2025 01:19:56] "GET /app/hr/employees HTTP/1.1" 200 32589
Not Found: /api/hr/employees/1/field-changes/
[13/Aug/2025 01:19:56] "GET /api/hr/employees/1/field-changes/ HTTP/1.1" 404 23802
Not Found: /api/hr/org-units/
[13/Aug/2025 01:19:56] "GET /api/hr/org-units/ HTTP/1.1" 404 23754
[13/Aug/2025 01:19:56] "GET /api/hr/employees/ HTTP/1.1" 200 5655
[13/Aug/2025 01:19:56] "GET /app/hr/employees/1/edit HTTP/1.1" 200 59387
Not Found: /api/hr/org-units/
Not Found: /api/hr/access-profiles/
[13/Aug/2025 01:19:56] "GET /api/hr/access-profiles/ HTTP/1.1" 404 23772
Not Found: /api/hr/positions/
[13/Aug/2025 01:19:56] "GET /api/hr/org-units/ HTTP/1.1" 404 23754
[13/Aug/2025 01:19:56] "GET /api/hr/positions/ HTTP/1.1" 404 23754
[13/Aug/2025 01:19:56] "GET /api/hr/employees/?status=ACTIVE HTTP/1.1" 200 5655
[13/Aug/2025 01:19:56] "GET /api/hr/employees/ HTTP/1.1" 200 5655
Not Found: /api/hr/employees/1/
[13/Aug/2025 01:19:56] "GET /api/hr/employees/1/ HTTP/1.1" 404 23760
[13/Aug/2025 01:19:56] "GET /app/hr/employees HTTP/1.1" 200 32589
Not Found: /api/hr/employees/1/field-changes/
[13/Aug/2025 01:19:56] "GET /api/hr/employees/1/field-changes/ HTTP/1.1" 404 23802
Not Found: /api/hr/org-units/
[13/Aug/2025 01:19:56] "GET /api/hr/org-units/ HTTP/1.1" 404 23754
[13/Aug/2025 01:19:56] "GET /api/hr/employees/ HTTP/1.1" 200 5655
[13/Aug/2025 01:19:57] "GET /app/hr/employees/2/edit HTTP/1.1" 200 59387
Not Found: /api/hr/org-units/
Not Found: /api/hr/access-profiles/
Not Found: /api/hr/positions/
[13/Aug/2025 01:19:57] "GET /api/hr/org-units/ HTTP/1.1" 404 23754
[13/Aug/2025 01:19:57] "GET /api/hr/access-profiles/ HTTP/1.1" 404 23772
[13/Aug/2025 01:19:57] "GET /api/hr/positions/ HTTP/1.1" 404 23754
[13/Aug/2025 01:19:57] "GET /api/hr/employees/ HTTP/1.1" 200 5655
[13/Aug/2025 01:19:57] "GET /api/hr/employees/?status=ACTIVE HTTP/1.1" 200 5655
Not Found: /api/hr/employees/2/
[13/Aug/2025 01:19:57] "GET /api/hr/employees/2/ HTTP/1.1" 404 23760
[13/Aug/2025 01:19:57] "GET /app/hr/employees HTTP/1.1" 200 32589
Not Found: /api/hr/employees/2/field-changes/
[13/Aug/2025 01:19:57] "GET /api/hr/employees/2/field-changes/ HTTP/1.1" 404 23802
Not Found: /api/hr/org-units/
[13/Aug/2025 01:19:57] "GET /api/hr/org-units/ HTTP/1.1" 404 23754
[13/Aug/2025 01:19:57] "GET /api/hr/employees/ HTTP/1.1" 200 5655
[13/Aug/2025 01:19:58] "GET /app/hr/employees/3/edit HTTP/1.1" 200 59387
Not Found: /api/hr/org-units/
Not Found: /api/hr/positions/
Not Found: /api/hr/access-profiles/
[13/Aug/2025 01:19:58] "GET /api/hr/org-units/ HTTP/1.1" 404 23754
[13/Aug/2025 01:19:58] "GET /api/hr/positions/ HTTP/1.1" 404 23754
[13/Aug/2025 01:19:58] "GET /api/hr/access-profiles/ HTTP/1.1" 404 23772
[13/Aug/2025 01:19:58] "GET /api/hr/employees/?status=ACTIVE HTTP/1.1" 200 5655
[13/Aug/2025 01:19:58] "GET /api/hr/employees/ HTTP/1.1" 200 5655
Not Found: /api/hr/employees/3/
[13/Aug/2025 01:19:58] "GET /api/hr/employees/3/ HTTP/1.1" 404 23760
[13/Aug/2025 01:19:58] "GET /app/hr/employees HTTP/1.1" 200 32589
Not Found: /api/hr/employees/3/field-changes/
[13/Aug/2025 01:19:58] "GET /api/hr/employees/3/field-changes/ HTTP/1.1" 404 23802
Not Found: /api/hr/org-units/
[13/Aug/2025 01:19:58] "GET /api/hr/org-units/ HTTP/1.1" 404 23754
[13/Aug/2025 01:19:58] "GET /api/hr/employees/ HTTP/1.1" 200 5655
[13/Aug/2025 01:20:01] "GET /app/hr/employees/13/edit HTTP/1.1" 200 59387
Not Found: /api/hr/positions/
Not Found: /api/hr/org-units/
Not Found: /api/hr/access-profiles/
[13/Aug/2025 01:20:01] "GET /api/hr/positions/ HTTP/1.1" 404 23754
[13/Aug/2025 01:20:01] "GET /api/hr/org-units/ HTTP/1.1" 404 23754
[13/Aug/2025 01:20:01] "GET /api/hr/access-profiles/ HTTP/1.1" 404 23772
[13/Aug/2025 01:20:01] "GET /api/hr/employees/ HTTP/1.1" 200 5655
[13/Aug/2025 01:20:01] "GET /api/hr/employees/?status=ACTIVE HTTP/1.1" 200 5655
Not Found: /api/hr/employees/13/
[13/Aug/2025 01:20:01] "GET /api/hr/employees/13/ HTTP/1.1" 404 23763
Not Found: /api/hr/employees/13/field-changes/
[13/Aug/2025 01:20:01] "GET /app/hr/employees HTTP/1.1" 200 32589
[13/Aug/2025 01:20:01] "GET /api/hr/employees/13/field-changes/ HTTP/1.1" 404 23805
Not Found: /api/hr/org-units/
[13/Aug/2025 01:20:01] "GET /api/hr/org-units/ HTTP/1.1" 404 23754
[13/Aug/2025 01:20:01] "GET /api/hr/employees/ HTTP/1.1" 200 5655
[13/Aug/2025 01:20:03] "GET /app/hr/employees/new HTTP/1.1" 200 59387
Not Found: /api/hr/org-units/
[13/Aug/2025 01:20:03] "GET /api/hr/org-units/ HTTP/1.1" 404 23754
Not Found: /api/hr/positions/
Not Found: /api/hr/access-profiles/
[13/Aug/2025 01:20:03] "GET /api/hr/positions/ HTTP/1.1" 404 23754
[13/Aug/2025 01:20:03] "GET /api/hr/access-profiles/ HTTP/1.1" 404 23772
[13/Aug/2025 01:20:03] "GET /api/hr/employees/ HTTP/1.1" 200 5655
[13/Aug/2025 01:20:03] "GET /api/hr/employees/?status=ACTIVE HTTP/1.1" 200 5655
[13/Aug/2025 01:20:05] "GET /app/hr/employees HTTP/1.1" 200 32589
Not Found: /api/hr/org-units/
[13/Aug/2025 01:20:05] "GET /api/hr/org-units/ HTTP/1.1" 404 23754
[13/Aug/2025 01:20:05] "GET /api/hr/employees/ HTTP/1.1" 200 5655
[13/Aug/2025 01:20:06] "GET /app/hr/employees/new HTTP/1.1" 200 59387
Not Found: /api/hr/org-units/
Not Found: /api/hr/positions/
[13/Aug/2025 01:20:06] "GET /api/hr/org-units/ HTTP/1.1" 404 23754
Not Found: /api/hr/access-profiles/
[13/Aug/2025 01:20:06] "GET /api/hr/positions/ HTTP/1.1" 404 23754
[13/Aug/2025 01:20:06] "GET /api/hr/access-profiles/ HTTP/1.1" 404 23772
[13/Aug/2025 01:20:06] "GET /api/hr/employees/?status=ACTIVE HTTP/1.1" 200 5655
[13/Aug/2025 01:20:06] "GET /api/hr/employees/ HTTP/1.1" 200 5655
[13/Aug/2025 01:20:11] "GET /app/hr/employees HTTP/1.1" 200 32589
Not Found: /api/hr/org-units/
[13/Aug/2025 01:20:11] "GET /api/hr/org-units/ HTTP/1.1" 404 23754
[13/Aug/2025 01:20:11] "GET /api/hr/employees/ HTTP/1.1" 200 5655
[13/Aug/2025 01:20:33] "GET /app/hr/employees HTTP/1.1" 200 32589
Not Found: /api/hr/org-units/
[13/Aug/2025 01:20:33] "GET /api/hr/org-units/ HTTP/1.1" 404 23754
[13/Aug/2025 01:20:33] "GET /api/hr/employees/ HTTP/1.1" 200 5655
Not Found: /api/hr/employees/1/
[13/Aug/2025 01:21:15] "GET /api/hr/employees/1/ HTTP/1.1" 404 23760
[13/Aug/2025 01:21:16] "GET /app/hr/employees/1/edit HTTP/1.1" 200 59387
Not Found: /api/hr/org-units/
Not Found: /api/hr/positions/
[13/Aug/2025 01:21:16] "GET /api/hr/org-units/ HTTP/1.1" 404 23754
Not Found: /api/hr/access-profiles/
[13/Aug/2025 01:21:16] "GET /api/hr/positions/ HTTP/1.1" 404 23754
[13/Aug/2025 01:21:16] "GET /api/hr/access-profiles/ HTTP/1.1" 404 23772
[13/Aug/2025 01:21:16] "GET /api/hr/employees/?status=ACTIVE HTTP/1.1" 200 5655
[13/Aug/2025 01:21:16] "GET /api/hr/employees/ HTTP/1.1" 200 5655
Not Found: /api/hr/employees/1/
[13/Aug/2025 01:21:16] "GET /api/hr/employees/1/ HTTP/1.1" 404 23760
[13/Aug/2025 01:21:16] "GET /app/hr/employees HTTP/1.1" 200 32589
Not Found: /api/hr/employees/1/field-changes/
[13/Aug/2025 01:21:16] "GET /api/hr/employees/1/field-changes/ HTTP/1.1" 404 23802
Not Found: /api/hr/org-units/
[13/Aug/2025 01:21:16] "GET /api/hr/org-units/ HTTP/1.1" 404 23754
[13/Aug/2025 01:21:16] "GET /api/hr/employees/ HTTP/1.1" 200 5655
[13/Aug/2025 01:21:17] "GET /app/hr/employees/1/edit HTTP/1.1" 200 59387
Not Found: /api/hr/positions/
Not Found: /api/hr/access-profiles/
[13/Aug/2025 01:21:17] "GET /api/hr/positions/ HTTP/1.1" 404 23754
Not Found: /api/hr/org-units/
[13/Aug/2025 01:21:17] "GET /api/hr/access-profiles/ HTTP/1.1" 404 23772
[13/Aug/2025 01:21:17] "GET /api/hr/org-units/ HTTP/1.1" 404 23754
[13/Aug/2025 01:21:17] "GET /api/hr/employees/?status=ACTIVE HTTP/1.1" 200 5655
[13/Aug/2025 01:21:17] "GET /api/hr/employees/ HTTP/1.1" 200 5655
Not Found: /api/hr/employees/1/
[13/Aug/2025 01:21:17] "GET /api/hr/employees/1/ HTTP/1.1" 404 23760
[13/Aug/2025 01:21:17] "GET /app/hr/employees HTTP/1.1" 200 32589
Not Found: /api/hr/employees/1/field-changes/
[13/Aug/2025 01:21:17] "GET /api/hr/employees/1/field-changes/ HTTP/1.1" 404 23802
Not Found: /api/hr/org-units/
[13/Aug/2025 01:21:17] "GET /api/hr/org-units/ HTTP/1.1" 404 23754
[13/Aug/2025 01:21:17] "GET /api/hr/employees/ HTTP/1.1" 200 5655
[13/Aug/2025 01:21:18] "GET /app/hr/employees/1/edit HTTP/1.1" 200 59387
Not Found: /api/hr/access-profiles/
Not Found: /api/hr/positions/
[13/Aug/2025 01:21:18] "GET /api/hr/access-profiles/ HTTP/1.1" 404 23772
Not Found: /api/hr/org-units/
[13/Aug/2025 01:21:18] "GET /api/hr/positions/ HTTP/1.1" 404 23754
[13/Aug/2025 01:21:18] "GET /api/hr/org-units/ HTTP/1.1" 404 23754
[13/Aug/2025 01:21:18] "GET /api/hr/employees/?status=ACTIVE HTTP/1.1" 200 5655
[13/Aug/2025 01:21:18] "GET /api/hr/employees/ HTTP/1.1" 200 5655
Not Found: /api/hr/employees/1/
[13/Aug/2025 01:21:18] "GET /api/hr/employees/1/ HTTP/1.1" 404 23760
[13/Aug/2025 01:21:18] "GET /app/hr/employees HTTP/1.1" 200 32589
Not Found: /api/hr/employees/1/field-changes/
[13/Aug/2025 01:21:18] "GET /api/hr/employees/1/field-changes/ HTTP/1.1" 404 23802
Not Found: /api/hr/org-units/
[13/Aug/2025 01:21:18] "GET /api/hr/org-units/ HTTP/1.1" 404 23754
[13/Aug/2025 01:21:18] "GET /api/hr/employees/ HTTP/1.1" 200 5655
Not Found: /api/hr/employees/1/
[13/Aug/2025 01:21:19] "GET /api/hr/employees/1/ HTTP/1.1" 404 23760
[13/Aug/2025 01:21:19] "GET /app/hr/employees/1/edit HTTP/1.1" 200 59387
Not Found: /api/hr/positions/
Not Found: /api/hr/org-units/
Not Found: /api/hr/access-profiles/
[13/Aug/2025 01:21:19] "GET /api/hr/positions/ HTTP/1.1" 404 23754
[13/Aug/2025 01:21:19] "GET /api/hr/org-units/ HTTP/1.1" 404 23754
[13/Aug/2025 01:21:19] "GET /api/hr/access-profiles/ HTTP/1.1" 404 23772
[13/Aug/2025 01:21:19] "GET /api/hr/employees/?status=ACTIVE HTTP/1.1" 200 5655
[13/Aug/2025 01:21:19] "GET /api/hr/employees/ HTTP/1.1" 200 5655
Not Found: /api/hr/employees/1/
[13/Aug/2025 01:21:19] "GET /api/hr/employees/1/ HTTP/1.1" 404 23760
[13/Aug/2025 01:21:19] "GET /app/hr/employees HTTP/1.1" 200 32589
Not Found: /api/hr/employees/1/field-changes/
[13/Aug/2025 01:21:19] "GET /api/hr/employees/1/field-changes/ HTTP/1.1" 404 23802
Not Found: /api/hr/org-units/
[13/Aug/2025 01:21:19] "GET /api/hr/org-units/ HTTP/1.1" 404 23754
[13/Aug/2025 01:21:19] "GET /api/hr/employees/ HTTP/1.1" 200 5655
[13/Aug/2025 01:21:35] "GET /app/hr/org-chart HTTP/1.1" 200 25779
[13/Aug/2025 01:21:49] "GET /app/hr/employees HTTP/1.1" 200 32589
Not Found: /api/hr/org-units/
[13/Aug/2025 01:21:49] "GET /api/hr/org-units/ HTTP/1.1" 404 23754
[13/Aug/2025 01:21:49] "GET /api/hr/employees/ HTTP/1.1" 200 5655
[13/Aug/2025 01:21:50] "GET /app/hr HTTP/1.1" 200 16045
Not Found: /api/hr/dashboard/upcoming/
Not Found: /api/hr/dashboard/summary/
[13/Aug/2025 01:21:50] "GET /api/hr/dashboard/upcoming/?type=birthday&days=14 HTTP/1.1" 404 23807
[13/Aug/2025 01:21:50] "GET /api/hr/dashboard/summary/ HTTP/1.1" 404 23778
[13/Aug/2025 01:21:50] "GET /api/hr/employees/?is_phone_assigned=true&is_laptop_assigned=true HTTP/1.1" 200 5655
[13/Aug/2025 01:21:50] "GET /api/hr/employees/?is_phone_assigned=true HTTP/1.1" 200 5655
[13/Aug/2025 01:21:50] "GET /api/hr/employees/?is_laptop_assigned=true HTTP/1.1" 200 5655
[13/Aug/2025 01:22:12] "GET /app/hr/employees HTTP/1.1" 200 32589
Not Found: /api/hr/org-units/
[13/Aug/2025 01:22:12] "GET /api/hr/org-units/ HTTP/1.1" 404 23754
[13/Aug/2025 01:22:12] "GET /api/hr/employees/ HTTP/1.1" 200 5655
[13/Aug/2025 01:22:26] "GET /app/hr HTTP/1.1" 200 16045
Not Found: /api/hr/dashboard/upcoming/
Not Found: /api/hr/dashboard/summary/
[13/Aug/2025 01:22:26] "GET /api/hr/dashboard/upcoming/?type=birthday&days=14 HTTP/1.1" 404 23807
[13/Aug/2025 01:22:26] "GET /api/hr/dashboard/summary/ HTTP/1.1" 404 23778
[13/Aug/2025 01:22:26] "GET /api/hr/employees/?is_phone_assigned=true&is_laptop_assigned=true HTTP/1.1" 200 5655
[13/Aug/2025 01:22:26] "GET /api/hr/employees/?is_phone_assigned=true HTTP/1.1" 200 5655
[13/Aug/2025 01:22:26] "GET /api/hr/employees/?is_laptop_assigned=true HTTP/1.1" 200 5655
[13/Aug/2025 01:23:04] "GET /app HTTP/1.1" 200 6535
[13/Aug/2025 01:23:06] "GET /app/catalog HTTP/1.1" 200 6777
[13/Aug/2025 01:23:06] "GET /api/auth/me/ HTTP/1.1" 200 181
[13/Aug/2025 01:23:07] "GET /app HTTP/1.1" 200 6535
[13/Aug/2025 01:23:08] "GET /app/warehousing HTTP/1.1" 200 10686
[13/Aug/2025 01:23:08] "GET /api/auth/me/ HTTP/1.1" 200 181
[13/Aug/2025 01:23:08] "GET /api/warehousing/warehouses/?ordering=state,code&page_size=1000 HTTP/1.1" 200 2089
